var a;
undefined
typeof a;
"undefined"
a = 10;
10
typeof a;
"number"
a=10.20;
10.2
typeof a;
"number"
a=1111111111111;
1111111111111
typeof a;
"number"
a=10/0;
Infinity
typeof a;
"number"
a=10;
10
var b = "10";
undefined
typeof a;
"number"
typeof b;
"string"
a + b
"1010"
b + a
"1010"
a - b
0
"Amit " + "Srivastava"
"Amit Srivastava"
a = 10
10
b = 20
20
a + b
30
b = "20"
"20"
a + b
"1020"
a-b
-10
a*b
200
b;
"20"
a;
10
a/b
0.5
a=10
10
b = "two"
"two"
a + b
"10two"
a-b
NaN
typeof NaN
"number"
var c = a - b;
undefined
c
NaN
typeof c;
"number"
isNaN(c)
true
c;
NaN
c = 10;
10
isNaN(c)
false
isNaN(c)?0:c;
10
c = a -b;
NaN
isNaN(c)?0:c;
0
isFinite(10/0)?10:0
0
a = 10
10
b = "20"
"20"
a + b
"1020"
a + parseInt(b);
30
b = "20.90";
"20.90"
typeof b;
"string"
b = parseFloat(b);
20.9
typeof b;
"number"
b;
20.9
parseFloat(90.20);
90.2
parseInt(90.20)
90
a;
10
a.toString();
"10"
